<?xml version="1.0" encoding="UTF-8" standalone="yes"?>
<APIProxy revision="1" name="test-api">
    <Basepaths>/test-api</Basepaths>
    <Description/>
    <DisplayName>test-api</DisplayName>
    <ProxyEndpoints>
        <ProxyEndpoint>default</ProxyEndpoint>
    </ProxyEndpoints>
    <Resources>
        <Resource>hosted://app.yaml</Resource>
        <Resource>hosted://index.js</Resource>
        <Resource>hosted://package.json</Resource>
    </Resources>
    <Spec/>
    <TargetServers/>
    <TargetEndpoints>
        <TargetEndpoint>default</TargetEndpoint>
    </TargetEndpoints>
</APIProxy>
